<?xml version="1.0" encoding="UTF-8"?>
<!-- Generated by org.testng.reporters.JUnitXMLReporter -->
<testsuite ignored="3" hostname="DESKTOP-7QU5CGR" failures="1" tests="1" name="Default test" time="20.504" errors="0" timestamp="15 May 2024 07:57:26 GMT">
  <testcase classname="com.comcast.crm.orgaAllTest.CreateOrganizationTest" name="CreateOrgganizationTest" time="0.017">
    <failure type="java.lang.NullPointerException" message="Cannot invoke &amp;quot;com.aventstack.extentreports.ExtentTest.log(com.aventstack.extentreports.Status, String)&amp;quot; because the return value of &amp;quot;com.comcast.crm.generic.webdriverUtility.UtilityClassObject.getTest()&amp;quot; is null">
      <![CDATA[java.lang.NullPointerException: Cannot invoke "com.aventstack.extentreports.ExtentTest.log(com.aventstack.extentreports.Status, String)" because the return value of "com.comcast.crm.generic.webdriverUtility.UtilityClassObject.getTest()" is null
at com.comcast.crm.orgaAllTest.CreateOrganizationTest.CreateOrgganizationTest(CreateOrganizationTest.java:27)
at java.base/jdk.internal.reflect.NativeMethodAccessorImpl.invoke0(Native Method)
at java.base/jdk.internal.reflect.NativeMethodAccessorImpl.invoke(NativeMethodAccessorImpl.java:77)
at java.base/jdk.internal.reflect.DelegatingMethodAccessorImpl.invoke(DelegatingMethodAccessorImpl.java:43)
at java.base/java.lang.reflect.Method.invoke(Method.java:568)
at org.testng.internal.MethodInvocationHelper.invokeMethod(MethodInvocationHelper.java:124)
at org.testng.internal.Invoker.invokeMethod(Invoker.java:583)
at org.testng.internal.Invoker.invokeTestMethod(Invoker.java:719)
at org.testng.internal.Invoker.invokeTestMethods(Invoker.java:989)
at org.testng.internal.TestMethodWorker.invokeTestMethods(TestMethodWorker.java:125)
at org.testng.internal.TestMethodWorker.run(TestMethodWorker.java:109)
at org.testng.TestRunner.privateRun(TestRunner.java:648)
at org.testng.TestRunner.run(TestRunner.java:505)
at org.testng.SuiteRunner.runTest(SuiteRunner.java:455)
at org.testng.SuiteRunner.runSequentially(SuiteRunner.java:450)
at org.testng.SuiteRunner.privateRun(SuiteRunner.java:415)
at org.testng.SuiteRunner.run(SuiteRunner.java:364)
at org.testng.SuiteRunnerWorker.runSuite(SuiteRunnerWorker.java:52)
at org.testng.SuiteRunnerWorker.run(SuiteRunnerWorker.java:84)
at org.testng.TestNG.runSuitesSequentially(TestNG.java:1208)
at org.testng.TestNG.runSuitesLocally(TestNG.java:1137)
at org.testng.TestNG.runSuites(TestNG.java:1049)
at org.testng.TestNG.run(TestNG.java:1017)
at org.testng.remote.AbstractRemoteTestNG.run(AbstractRemoteTestNG.java:115)
at org.testng.remote.RemoteTestNG.initAndRun(RemoteTestNG.java:251)
at org.testng.remote.RemoteTestNG.main(RemoteTestNG.java:77)
]]>
    </failure>
  </testcase> <!-- CreateOrgganizationTest -->
  <testcase classname="com.comcast.crm.orgaAllTest.CreateOrganizationTest" name="DeleteOrgnization" time="0.0">
    <ignored/>
  </testcase> <!-- DeleteOrgnization -->
  <testcase classname="com.comcast.crm.orgaAllTest.CreateOrganizationTest" name="CreateOrganizationWithIndustryTest" time="0.0">
    <ignored/>
  </testcase> <!-- CreateOrganizationWithIndustryTest -->
  <testcase classname="com.comcast.crm.orgaAllTest.CreateOrganizationTest" name="CreateOrganizationWithPhoneNumberTest" time="0.0">
    <ignored/>
  </testcase> <!-- CreateOrganizationWithPhoneNumberTest -->
</testsuite> <!-- Default test -->
